<?xml version="1.0" encoding="UTF-8"?>
<!-- Generated by org.testng.reporters.JUnitReportReporter -->
<testsuite hostname="LAPTOP-SSQPGT4E" failures="0" tests="2" name="rahulshettyacademy.tests.SubmitOrderTest" time="29.057" errors="0" timestamp="29 Oct 2022 00:17:18 GMT" skipped="0">
  <testcase classname="rahulshettyacademy.tests.SubmitOrderTest" name="submitOrder" time="16.286"/>
  <testcase classname="rahulshettyacademy.tests.SubmitOrderTest" name="submitOrder" time="12.771"/>
</testsuite> <!-- rahulshettyacademy.tests.SubmitOrderTest -->
