<?xml version="1.0" encoding="UTF-8"?>
<!-- Generated by org.testng.reporters.JUnitReportReporter -->
<testsuite hostname="LAPTOP-SSQPGT4E" failures="0" tests="1" name="rahulshettyacademy.tests.ErrorValidationsTest" time="11.917" errors="0" timestamp="29 Oct 2022 00:22:17 GMT" skipped="0">
  <testcase classname="rahulshettyacademy.tests.ErrorValidationsTest" name="LoginErrorValidation" time="11.917"/>
</testsuite> <!-- rahulshettyacademy.tests.ErrorValidationsTest -->
